2014.01.23 23:28 B C:\2014\deltronics\abajoarri.swf <-- ftp.solrevisac.com /www/deltronics abajoarri.swf
2014.01.23 23:28 B C:\2014\deltronics\arriba.swf <-- ftp.solrevisac.com /www/deltronics arriba.swf
2014.01.23 23:28 B C:\2014\deltronics\clientes.html <-- ftp.solrevisac.com /www/deltronics clientes.html
2014.01.23 23:28 B C:\2014\deltronics\contactenos.html <-- ftp.solrevisac.com /www/deltronics contactenos.html
2014.01.23 23:28 B C:\2014\deltronics\empresa.html <-- ftp.solrevisac.com /www/deltronics empresa.html
2014.01.23 23:28 B C:\2014\deltronics\hori.swf <-- ftp.solrevisac.com /www/deltronics hori.swf
2014.01.23 23:28 B C:\2014\deltronics\index.html <-- ftp.solrevisac.com /www/deltronics index.html
2014.01.23 23:28 B C:\2014\deltronics\productos1.html <-- ftp.solrevisac.com /www/deltronics productos1.html
2014.01.23 23:28 B C:\2014\deltronics\productos10.html <-- ftp.solrevisac.com /www/deltronics productos10.html
2014.01.23 23:28 B C:\2014\deltronics\productos11.html <-- ftp.solrevisac.com /www/deltronics productos11.html
2014.01.23 23:28 B C:\2014\deltronics\productos12.html <-- ftp.solrevisac.com /www/deltronics productos12.html
2014.01.23 23:28 B C:\2014\deltronics\productos2.html <-- ftp.solrevisac.com /www/deltronics productos2.html
2014.01.23 23:28 B C:\2014\deltronics\productos3.html <-- ftp.solrevisac.com /www/deltronics productos3.html
2014.01.23 23:28 B C:\2014\deltronics\productos4.html <-- ftp.solrevisac.com /www/deltronics productos4.html
2014.01.23 23:28 B C:\2014\deltronics\productos5.html <-- ftp.solrevisac.com /www/deltronics productos5.html
2014.01.23 23:28 B C:\2014\deltronics\productos6.html <-- ftp.solrevisac.com /www/deltronics productos6.html
2014.01.23 23:28 B C:\2014\deltronics\productos7.html <-- ftp.solrevisac.com /www/deltronics productos7.html
2014.01.23 23:28 B C:\2014\deltronics\productos8.html <-- ftp.solrevisac.com /www/deltronics productos8.html
2014.01.23 23:28 B C:\2014\deltronics\productos9.html <-- ftp.solrevisac.com /www/deltronics productos9.html
2014.01.23 23:28 B C:\2014\deltronics\servicios.html <-- ftp.solrevisac.com /www/deltronics servicios.html
2014.01.23 23:28 B C:\2014\deltronics\soporte.html <-- ftp.solrevisac.com /www/deltronics soporte.html
2014.01.23 23:28 B C:\2014\deltronics\soporte.swf <-- ftp.solrevisac.com /www/deltronics soporte.swf
2014.01.23 23:28 B C:\2014\deltronics\style.css <-- ftp.solrevisac.com /www/deltronics style.css
2014.01.23 23:28 B C:\2014\deltronics\tira.swf <-- ftp.solrevisac.com /www/deltronics tira.swf
2014.01.24 00:05 B C:\2014\deltronics\abajoarri.swf --> ftp.deltronicsperu.com /www abajoarri.swf
2014.01.24 00:06 B C:\2014\deltronics\arriba.swf --> ftp.deltronicsperu.com /www arriba.swf
2014.01.24 00:06 B C:\2014\deltronics\clientes.html --> ftp.deltronicsperu.com /www clientes.html
2014.01.24 00:06 B C:\2014\deltronics\contactenos.html --> ftp.deltronicsperu.com /www contactenos.html
2014.01.24 00:06 B C:\2014\deltronics\empresa.html --> ftp.deltronicsperu.com /www empresa.html
2014.01.24 00:06 B C:\2014\deltronics\hori.swf --> ftp.deltronicsperu.com /www hori.swf
2014.01.24 00:06 B C:\2014\deltronics\index.html --> ftp.deltronicsperu.com /www index.html
2014.01.24 00:06 B C:\2014\deltronics\productos1.html --> ftp.deltronicsperu.com /www productos1.html
2014.01.24 00:06 B C:\2014\deltronics\productos10.html --> ftp.deltronicsperu.com /www productos10.html
2014.01.24 00:06 B C:\2014\deltronics\productos11.html --> ftp.deltronicsperu.com /www productos11.html
2014.01.24 00:06 B C:\2014\deltronics\productos12.html --> ftp.deltronicsperu.com /www productos12.html
2014.01.24 00:06 B C:\2014\deltronics\productos2.html --> ftp.deltronicsperu.com /www productos2.html
2014.01.24 00:06 B C:\2014\deltronics\productos3.html --> ftp.deltronicsperu.com /www productos3.html
2014.01.24 00:06 B C:\2014\deltronics\productos4.html --> ftp.deltronicsperu.com /www productos4.html
2014.01.24 00:06 B C:\2014\deltronics\productos5.html --> ftp.deltronicsperu.com /www productos5.html
2014.01.24 00:06 B C:\2014\deltronics\productos6.html --> ftp.deltronicsperu.com /www productos6.html
2014.01.24 00:06 B C:\2014\deltronics\productos7.html --> ftp.deltronicsperu.com /www productos7.html
2014.01.24 00:06 B C:\2014\deltronics\productos8.html --> ftp.deltronicsperu.com /www productos8.html
2014.01.24 00:06 B C:\2014\deltronics\productos9.html --> ftp.deltronicsperu.com /www productos9.html
2014.01.24 00:06 B C:\2014\deltronics\servicios.html --> ftp.deltronicsperu.com /www servicios.html
2014.01.24 00:06 B C:\2014\deltronics\soporte.html --> ftp.deltronicsperu.com /www soporte.html
2014.01.24 00:06 B C:\2014\deltronics\soporte.swf --> ftp.deltronicsperu.com /www soporte.swf
2014.01.24 00:06 B C:\2014\deltronics\style.css --> ftp.deltronicsperu.com /www style.css
2014.01.24 00:07 B C:\2014\deltronics\tira.swf --> ftp.deltronicsperu.com /www tira.swf
