2014.01.23 23:22 B C:\2014\deltronics\com\greensock\loading\.DS_Store <-- ftp.solrevisac.com /www/deltronics/com/greensock/loading .DS_Store
2014.01.23 23:22 B C:\2014\deltronics\com\greensock\loading\BinaryDataLoader.as <-- ftp.solrevisac.com /www/deltronics/com/greensock/loading BinaryDataLoader.as
2014.01.23 23:22 B C:\2014\deltronics\com\greensock\loading\changelog.txt <-- ftp.solrevisac.com /www/deltronics/com/greensock/loading changelog.txt
2014.01.23 23:22 B C:\2014\deltronics\com\greensock\loading\CSSLoader.as <-- ftp.solrevisac.com /www/deltronics/com/greensock/loading CSSLoader.as
2014.01.23 23:22 B C:\2014\deltronics\com\greensock\loading\DataLoader.as <-- ftp.solrevisac.com /www/deltronics/com/greensock/loading DataLoader.as
2014.01.23 23:22 B C:\2014\deltronics\com\greensock\loading\ImageLoader.as <-- ftp.solrevisac.com /www/deltronics/com/greensock/loading ImageLoader.as
2014.01.23 23:22 B C:\2014\deltronics\com\greensock\loading\LoaderMax.as <-- ftp.solrevisac.com /www/deltronics/com/greensock/loading LoaderMax.as
2014.01.23 23:22 B C:\2014\deltronics\com\greensock\loading\LoaderStatus.as <-- ftp.solrevisac.com /www/deltronics/com/greensock/loading LoaderStatus.as
2014.01.23 23:22 B C:\2014\deltronics\com\greensock\loading\MP3Loader.as <-- ftp.solrevisac.com /www/deltronics/com/greensock/loading MP3Loader.as
2014.01.23 23:22 B C:\2014\deltronics\com\greensock\loading\SelfLoader.as <-- ftp.solrevisac.com /www/deltronics/com/greensock/loading SelfLoader.as
2014.01.23 23:22 B C:\2014\deltronics\com\greensock\loading\SWFLoader.as <-- ftp.solrevisac.com /www/deltronics/com/greensock/loading SWFLoader.as
2014.01.23 23:22 B C:\2014\deltronics\com\greensock\loading\VideoLoader.as <-- ftp.solrevisac.com /www/deltronics/com/greensock/loading VideoLoader.as
2014.01.23 23:23 B C:\2014\deltronics\com\greensock\loading\XMLLoader.as <-- ftp.solrevisac.com /www/deltronics/com/greensock/loading XMLLoader.as
2014.01.23 23:59 B C:\2014\deltronics\com\greensock\loading\.DS_Store --> ftp.deltronicsperu.com /www/com/greensock/loading .DS_Store
2014.01.23 23:59 B C:\2014\deltronics\com\greensock\loading\BinaryDataLoader.as --> ftp.deltronicsperu.com /www/com/greensock/loading BinaryDataLoader.as
2014.01.23 23:59 B C:\2014\deltronics\com\greensock\loading\changelog.txt --> ftp.deltronicsperu.com /www/com/greensock/loading changelog.txt
2014.01.23 23:59 B C:\2014\deltronics\com\greensock\loading\CSSLoader.as --> ftp.deltronicsperu.com /www/com/greensock/loading CSSLoader.as
2014.01.23 23:59 B C:\2014\deltronics\com\greensock\loading\DataLoader.as --> ftp.deltronicsperu.com /www/com/greensock/loading DataLoader.as
2014.01.23 23:59 B C:\2014\deltronics\com\greensock\loading\ImageLoader.as --> ftp.deltronicsperu.com /www/com/greensock/loading ImageLoader.as
2014.01.24 00:00 B C:\2014\deltronics\com\greensock\loading\LoaderMax.as --> ftp.deltronicsperu.com /www/com/greensock/loading LoaderMax.as
2014.01.24 00:00 B C:\2014\deltronics\com\greensock\loading\LoaderStatus.as --> ftp.deltronicsperu.com /www/com/greensock/loading LoaderStatus.as
2014.01.24 00:00 B C:\2014\deltronics\com\greensock\loading\MP3Loader.as --> ftp.deltronicsperu.com /www/com/greensock/loading MP3Loader.as
2014.01.24 00:00 B C:\2014\deltronics\com\greensock\loading\SelfLoader.as --> ftp.deltronicsperu.com /www/com/greensock/loading SelfLoader.as
2014.01.24 00:00 B C:\2014\deltronics\com\greensock\loading\SWFLoader.as --> ftp.deltronicsperu.com /www/com/greensock/loading SWFLoader.as
2014.01.24 00:00 B C:\2014\deltronics\com\greensock\loading\VideoLoader.as --> ftp.deltronicsperu.com /www/com/greensock/loading VideoLoader.as
