2014.01.23 23:21 B C:\2014\deltronics\com\greensock\easing\.DS_Store <-- ftp.solrevisac.com /www/deltronics/com/greensock/easing .DS_Store
2014.01.23 23:21 B C:\2014\deltronics\com\greensock\easing\Back.as <-- ftp.solrevisac.com /www/deltronics/com/greensock/easing Back.as
2014.01.23 23:21 B C:\2014\deltronics\com\greensock\easing\BackIn.as <-- ftp.solrevisac.com /www/deltronics/com/greensock/easing BackIn.as
2014.01.23 23:21 B C:\2014\deltronics\com\greensock\easing\BackInOut.as <-- ftp.solrevisac.com /www/deltronics/com/greensock/easing BackInOut.as
2014.01.23 23:21 B C:\2014\deltronics\com\greensock\easing\BackOut.as <-- ftp.solrevisac.com /www/deltronics/com/greensock/easing BackOut.as
2014.01.23 23:21 B C:\2014\deltronics\com\greensock\easing\Bounce.as <-- ftp.solrevisac.com /www/deltronics/com/greensock/easing Bounce.as
2014.01.23 23:21 B C:\2014\deltronics\com\greensock\easing\BounceIn.as <-- ftp.solrevisac.com /www/deltronics/com/greensock/easing BounceIn.as
2014.01.23 23:21 B C:\2014\deltronics\com\greensock\easing\BounceInOut.as <-- ftp.solrevisac.com /www/deltronics/com/greensock/easing BounceInOut.as
2014.01.23 23:21 B C:\2014\deltronics\com\greensock\easing\BounceOut.as <-- ftp.solrevisac.com /www/deltronics/com/greensock/easing BounceOut.as
2014.01.23 23:21 B C:\2014\deltronics\com\greensock\easing\Circ.as <-- ftp.solrevisac.com /www/deltronics/com/greensock/easing Circ.as
2014.01.23 23:21 B C:\2014\deltronics\com\greensock\easing\CircIn.as <-- ftp.solrevisac.com /www/deltronics/com/greensock/easing CircIn.as
2014.01.23 23:21 B C:\2014\deltronics\com\greensock\easing\CircInOut.as <-- ftp.solrevisac.com /www/deltronics/com/greensock/easing CircInOut.as
2014.01.23 23:21 B C:\2014\deltronics\com\greensock\easing\CircOut.as <-- ftp.solrevisac.com /www/deltronics/com/greensock/easing CircOut.as
2014.01.23 23:21 B C:\2014\deltronics\com\greensock\easing\Cubic.as <-- ftp.solrevisac.com /www/deltronics/com/greensock/easing Cubic.as
2014.01.23 23:21 B C:\2014\deltronics\com\greensock\easing\Ease.as <-- ftp.solrevisac.com /www/deltronics/com/greensock/easing Ease.as
2014.01.23 23:21 B C:\2014\deltronics\com\greensock\easing\EaseLookup.as <-- ftp.solrevisac.com /www/deltronics/com/greensock/easing EaseLookup.as
2014.01.23 23:21 B C:\2014\deltronics\com\greensock\easing\Elastic.as <-- ftp.solrevisac.com /www/deltronics/com/greensock/easing Elastic.as
2014.01.23 23:21 B C:\2014\deltronics\com\greensock\easing\ElasticIn.as <-- ftp.solrevisac.com /www/deltronics/com/greensock/easing ElasticIn.as
2014.01.23 23:21 B C:\2014\deltronics\com\greensock\easing\ElasticInOut.as <-- ftp.solrevisac.com /www/deltronics/com/greensock/easing ElasticInOut.as
2014.01.23 23:21 B C:\2014\deltronics\com\greensock\easing\ElasticOut.as <-- ftp.solrevisac.com /www/deltronics/com/greensock/easing ElasticOut.as
2014.01.23 23:21 B C:\2014\deltronics\com\greensock\easing\Expo.as <-- ftp.solrevisac.com /www/deltronics/com/greensock/easing Expo.as
2014.01.23 23:21 B C:\2014\deltronics\com\greensock\easing\ExpoIn.as <-- ftp.solrevisac.com /www/deltronics/com/greensock/easing ExpoIn.as
2014.01.23 23:21 B C:\2014\deltronics\com\greensock\easing\ExpoInOut.as <-- ftp.solrevisac.com /www/deltronics/com/greensock/easing ExpoInOut.as
2014.01.23 23:22 B C:\2014\deltronics\com\greensock\easing\ExpoOut.as <-- ftp.solrevisac.com /www/deltronics/com/greensock/easing ExpoOut.as
2014.01.23 23:22 B C:\2014\deltronics\com\greensock\easing\Linear.as <-- ftp.solrevisac.com /www/deltronics/com/greensock/easing Linear.as
2014.01.23 23:22 B C:\2014\deltronics\com\greensock\easing\Power0.as <-- ftp.solrevisac.com /www/deltronics/com/greensock/easing Power0.as
2014.01.23 23:22 B C:\2014\deltronics\com\greensock\easing\Power1.as <-- ftp.solrevisac.com /www/deltronics/com/greensock/easing Power1.as
2014.01.23 23:22 B C:\2014\deltronics\com\greensock\easing\Power2.as <-- ftp.solrevisac.com /www/deltronics/com/greensock/easing Power2.as
2014.01.23 23:22 B C:\2014\deltronics\com\greensock\easing\Power3.as <-- ftp.solrevisac.com /www/deltronics/com/greensock/easing Power3.as
2014.01.23 23:22 B C:\2014\deltronics\com\greensock\easing\Power4.as <-- ftp.solrevisac.com /www/deltronics/com/greensock/easing Power4.as
2014.01.23 23:22 B C:\2014\deltronics\com\greensock\easing\Quad.as <-- ftp.solrevisac.com /www/deltronics/com/greensock/easing Quad.as
2014.01.23 23:22 B C:\2014\deltronics\com\greensock\easing\Quart.as <-- ftp.solrevisac.com /www/deltronics/com/greensock/easing Quart.as
2014.01.23 23:22 B C:\2014\deltronics\com\greensock\easing\Quint.as <-- ftp.solrevisac.com /www/deltronics/com/greensock/easing Quint.as
2014.01.23 23:22 B C:\2014\deltronics\com\greensock\easing\RoughEase.as <-- ftp.solrevisac.com /www/deltronics/com/greensock/easing RoughEase.as
2014.01.23 23:22 B C:\2014\deltronics\com\greensock\easing\Sine.as <-- ftp.solrevisac.com /www/deltronics/com/greensock/easing Sine.as
2014.01.23 23:22 B C:\2014\deltronics\com\greensock\easing\SineIn.as <-- ftp.solrevisac.com /www/deltronics/com/greensock/easing SineIn.as
2014.01.23 23:22 B C:\2014\deltronics\com\greensock\easing\SineInOut.as <-- ftp.solrevisac.com /www/deltronics/com/greensock/easing SineInOut.as
2014.01.23 23:22 B C:\2014\deltronics\com\greensock\easing\SineOut.as <-- ftp.solrevisac.com /www/deltronics/com/greensock/easing SineOut.as
2014.01.23 23:22 B C:\2014\deltronics\com\greensock\easing\SlowMo.as <-- ftp.solrevisac.com /www/deltronics/com/greensock/easing SlowMo.as
2014.01.23 23:22 B C:\2014\deltronics\com\greensock\easing\SteppedEase.as <-- ftp.solrevisac.com /www/deltronics/com/greensock/easing SteppedEase.as
2014.01.23 23:22 B C:\2014\deltronics\com\greensock\easing\Strong.as <-- ftp.solrevisac.com /www/deltronics/com/greensock/easing Strong.as
2014.01.23 23:57 B C:\2014\deltronics\com\greensock\easing\.DS_Store --> ftp.deltronicsperu.com /www/com/greensock/easing .DS_Store
2014.01.23 23:57 B C:\2014\deltronics\com\greensock\easing\Back.as --> ftp.deltronicsperu.com /www/com/greensock/easing Back.as
2014.01.23 23:57 B C:\2014\deltronics\com\greensock\easing\BackIn.as --> ftp.deltronicsperu.com /www/com/greensock/easing BackIn.as
2014.01.23 23:57 B C:\2014\deltronics\com\greensock\easing\BackInOut.as --> ftp.deltronicsperu.com /www/com/greensock/easing BackInOut.as
2014.01.23 23:58 B C:\2014\deltronics\com\greensock\easing\BackOut.as --> ftp.deltronicsperu.com /www/com/greensock/easing BackOut.as
2014.01.23 23:58 B C:\2014\deltronics\com\greensock\easing\Bounce.as --> ftp.deltronicsperu.com /www/com/greensock/easing Bounce.as
2014.01.23 23:58 B C:\2014\deltronics\com\greensock\easing\BounceIn.as --> ftp.deltronicsperu.com /www/com/greensock/easing BounceIn.as
2014.01.23 23:58 B C:\2014\deltronics\com\greensock\easing\BounceInOut.as --> ftp.deltronicsperu.com /www/com/greensock/easing BounceInOut.as
2014.01.23 23:58 B C:\2014\deltronics\com\greensock\easing\BounceOut.as --> ftp.deltronicsperu.com /www/com/greensock/easing BounceOut.as
2014.01.23 23:58 B C:\2014\deltronics\com\greensock\easing\Circ.as --> ftp.deltronicsperu.com /www/com/greensock/easing Circ.as
2014.01.23 23:58 B C:\2014\deltronics\com\greensock\easing\CircIn.as --> ftp.deltronicsperu.com /www/com/greensock/easing CircIn.as
2014.01.23 23:58 B C:\2014\deltronics\com\greensock\easing\CircInOut.as --> ftp.deltronicsperu.com /www/com/greensock/easing CircInOut.as
2014.01.23 23:58 B C:\2014\deltronics\com\greensock\easing\CircOut.as --> ftp.deltronicsperu.com /www/com/greensock/easing CircOut.as
2014.01.23 23:58 B C:\2014\deltronics\com\greensock\easing\Cubic.as --> ftp.deltronicsperu.com /www/com/greensock/easing Cubic.as
2014.01.23 23:58 B C:\2014\deltronics\com\greensock\easing\Ease.as --> ftp.deltronicsperu.com /www/com/greensock/easing Ease.as
2014.01.23 23:58 B C:\2014\deltronics\com\greensock\easing\EaseLookup.as --> ftp.deltronicsperu.com /www/com/greensock/easing EaseLookup.as
2014.01.23 23:58 B C:\2014\deltronics\com\greensock\easing\Elastic.as --> ftp.deltronicsperu.com /www/com/greensock/easing Elastic.as
2014.01.23 23:58 B C:\2014\deltronics\com\greensock\easing\ElasticIn.as --> ftp.deltronicsperu.com /www/com/greensock/easing ElasticIn.as
2014.01.23 23:58 B C:\2014\deltronics\com\greensock\easing\ElasticInOut.as --> ftp.deltronicsperu.com /www/com/greensock/easing ElasticInOut.as
2014.01.23 23:58 B C:\2014\deltronics\com\greensock\easing\ElasticOut.as --> ftp.deltronicsperu.com /www/com/greensock/easing ElasticOut.as
2014.01.23 23:58 B C:\2014\deltronics\com\greensock\easing\Expo.as --> ftp.deltronicsperu.com /www/com/greensock/easing Expo.as
2014.01.23 23:58 B C:\2014\deltronics\com\greensock\easing\ExpoIn.as --> ftp.deltronicsperu.com /www/com/greensock/easing ExpoIn.as
2014.01.23 23:58 B C:\2014\deltronics\com\greensock\easing\ExpoInOut.as --> ftp.deltronicsperu.com /www/com/greensock/easing ExpoInOut.as
2014.01.23 23:58 B C:\2014\deltronics\com\greensock\easing\ExpoOut.as --> ftp.deltronicsperu.com /www/com/greensock/easing ExpoOut.as
2014.01.23 23:58 B C:\2014\deltronics\com\greensock\easing\Linear.as --> ftp.deltronicsperu.com /www/com/greensock/easing Linear.as
2014.01.23 23:58 B C:\2014\deltronics\com\greensock\easing\Power0.as --> ftp.deltronicsperu.com /www/com/greensock/easing Power0.as
2014.01.23 23:58 B C:\2014\deltronics\com\greensock\easing\Power1.as --> ftp.deltronicsperu.com /www/com/greensock/easing Power1.as
2014.01.23 23:58 B C:\2014\deltronics\com\greensock\easing\Power2.as --> ftp.deltronicsperu.com /www/com/greensock/easing Power2.as
2014.01.23 23:58 B C:\2014\deltronics\com\greensock\easing\Power3.as --> ftp.deltronicsperu.com /www/com/greensock/easing Power3.as
2014.01.23 23:58 B C:\2014\deltronics\com\greensock\easing\Power4.as --> ftp.deltronicsperu.com /www/com/greensock/easing Power4.as
2014.01.23 23:58 B C:\2014\deltronics\com\greensock\easing\Quad.as --> ftp.deltronicsperu.com /www/com/greensock/easing Quad.as
2014.01.23 23:58 B C:\2014\deltronics\com\greensock\easing\Quart.as --> ftp.deltronicsperu.com /www/com/greensock/easing Quart.as
2014.01.23 23:58 B C:\2014\deltronics\com\greensock\easing\Quint.as --> ftp.deltronicsperu.com /www/com/greensock/easing Quint.as
2014.01.23 23:58 B C:\2014\deltronics\com\greensock\easing\RoughEase.as --> ftp.deltronicsperu.com /www/com/greensock/easing RoughEase.as
2014.01.23 23:58 B C:\2014\deltronics\com\greensock\easing\Sine.as --> ftp.deltronicsperu.com /www/com/greensock/easing Sine.as
2014.01.23 23:58 B C:\2014\deltronics\com\greensock\easing\SineIn.as --> ftp.deltronicsperu.com /www/com/greensock/easing SineIn.as
2014.01.23 23:58 B C:\2014\deltronics\com\greensock\easing\SineInOut.as --> ftp.deltronicsperu.com /www/com/greensock/easing SineInOut.as
2014.01.23 23:58 B C:\2014\deltronics\com\greensock\easing\SineOut.as --> ftp.deltronicsperu.com /www/com/greensock/easing SineOut.as
2014.01.23 23:58 B C:\2014\deltronics\com\greensock\easing\SlowMo.as --> ftp.deltronicsperu.com /www/com/greensock/easing SlowMo.as
2014.01.23 23:58 B C:\2014\deltronics\com\greensock\easing\SteppedEase.as --> ftp.deltronicsperu.com /www/com/greensock/easing SteppedEase.as
2014.01.23 23:58 B C:\2014\deltronics\com\greensock\easing\Strong.as --> ftp.deltronicsperu.com /www/com/greensock/easing Strong.as
