2014.01.23 23:25 B C:\2014\deltronics\imagenes\abajo.jpg <-- ftp.solrevisac.com /www/deltronics/imagenes abajo.jpg
2014.01.23 23:26 B C:\2014\deltronics\imagenes\anigif.gif <-- ftp.solrevisac.com /www/deltronics/imagenes anigif.gif
2014.01.23 23:26 B C:\2014\deltronics\imagenes\btn_01.jpg <-- ftp.solrevisac.com /www/deltronics/imagenes btn_01.jpg
2014.01.23 23:26 B C:\2014\deltronics\imagenes\btn_02.jpg <-- ftp.solrevisac.com /www/deltronics/imagenes btn_02.jpg
2014.01.23 23:26 B C:\2014\deltronics\imagenes\btn_03.jpg <-- ftp.solrevisac.com /www/deltronics/imagenes btn_03.jpg
2014.01.23 23:26 B C:\2014\deltronics\imagenes\btn_04.jpg <-- ftp.solrevisac.com /www/deltronics/imagenes btn_04.jpg
2014.01.23 23:26 B C:\2014\deltronics\imagenes\btn_05.jpg <-- ftp.solrevisac.com /www/deltronics/imagenes btn_05.jpg
2014.01.23 23:26 B C:\2014\deltronics\imagenes\btn_06.jpg <-- ftp.solrevisac.com /www/deltronics/imagenes btn_06.jpg
2014.01.23 23:26 B C:\2014\deltronics\imagenes\btn_07.jpg <-- ftp.solrevisac.com /www/deltronics/imagenes btn_07.jpg
2014.01.23 23:26 B C:\2014\deltronics\imagenes\btnhover_01.jpg <-- ftp.solrevisac.com /www/deltronics/imagenes btnhover_01.jpg
2014.01.23 23:26 B C:\2014\deltronics\imagenes\btnhover_02.jpg <-- ftp.solrevisac.com /www/deltronics/imagenes btnhover_02.jpg
2014.01.23 23:26 B C:\2014\deltronics\imagenes\btnhover_03.jpg <-- ftp.solrevisac.com /www/deltronics/imagenes btnhover_03.jpg
2014.01.23 23:26 B C:\2014\deltronics\imagenes\btnhover_04.jpg <-- ftp.solrevisac.com /www/deltronics/imagenes btnhover_04.jpg
2014.01.23 23:26 B C:\2014\deltronics\imagenes\btnhover_05.jpg <-- ftp.solrevisac.com /www/deltronics/imagenes btnhover_05.jpg
2014.01.23 23:26 B C:\2014\deltronics\imagenes\btnhover_06.jpg <-- ftp.solrevisac.com /www/deltronics/imagenes btnhover_06.jpg
2014.01.23 23:26 B C:\2014\deltronics\imagenes\btnhover_07.jpg <-- ftp.solrevisac.com /www/deltronics/imagenes btnhover_07.jpg
2014.01.23 23:26 B C:\2014\deltronics\imagenes\call_center_girl.jpg <-- ftp.solrevisac.com /www/deltronics/imagenes call_center_girl.jpg
2014.01.23 23:26 B C:\2014\deltronics\imagenes\clientestit.jpg <-- ftp.solrevisac.com /www/deltronics/imagenes clientestit.jpg
2014.01.23 23:26 B C:\2014\deltronics\imagenes\contactenostit.jpg <-- ftp.solrevisac.com /www/deltronics/imagenes contactenostit.jpg
2014.01.23 23:26 B C:\2014\deltronics\imagenes\eeia2.jpg <-- ftp.solrevisac.com /www/deltronics/imagenes eeia2.jpg
2014.01.23 23:26 B C:\2014\deltronics\imagenes\empresa.jpg <-- ftp.solrevisac.com /www/deltronics/imagenes empresa.jpg
2014.01.23 23:26 B C:\2014\deltronics\imagenes\empresatit.jpg <-- ftp.solrevisac.com /www/deltronics/imagenes empresatit.jpg
2014.01.23 23:26 B C:\2014\deltronics\imagenes\F4.jpg <-- ftp.solrevisac.com /www/deltronics/imagenes F4.jpg
2014.01.23 23:26 B C:\2014\deltronics\imagenes\facebook_logo.png <-- ftp.solrevisac.com /www/deltronics/imagenes facebook_logo.png
2014.01.23 23:27 B C:\2014\deltronics\imagenes\ingenieria-en-automatizacion-y-control-industrial-6.jpg <-- ftp.solrevisac.com /www/deltronics/imagenes ingenieria-en-automatizacion-y-control-industrial-6.jpg
2014.01.23 23:27 B C:\2014\deltronics\imagenes\li.png <-- ftp.solrevisac.com /www/deltronics/imagenes li.png
2014.01.23 23:27 B C:\2014\deltronics\imagenes\photothumb.db <-- ftp.solrevisac.com /www/deltronics/imagenes photothumb.db
2014.01.23 23:27 B C:\2014\deltronics\imagenes\proLO.png <-- ftp.solrevisac.com /www/deltronics/imagenes proLO.png
2014.01.23 23:28 B C:\2014\deltronics\imagenes\robotica-automatizacion-en-maquinas-industriales.png <-- ftp.solrevisac.com /www/deltronics/imagenes robotica-automatizacion-en-maquinas-industriales.png
2014.01.23 23:28 B C:\2014\deltronics\imagenes\serviciostit.jpg <-- ftp.solrevisac.com /www/deltronics/imagenes serviciostit.jpg
2014.01.23 23:28 B C:\2014\deltronics\imagenes\soportetit.jpg <-- ftp.solrevisac.com /www/deltronics/imagenes soportetit.jpg
2014.01.23 23:28 B C:\2014\deltronics\imagenes\Thumbs.db <-- ftp.solrevisac.com /www/deltronics/imagenes Thumbs.db
2014.01.23 23:28 B C:\2014\deltronics\imagenes\twitter_logo.jpg <-- ftp.solrevisac.com /www/deltronics/imagenes twitter_logo.jpg
2014.01.24 00:03 B C:\2014\deltronics\imagenes\abajo.jpg --> ftp.deltronicsperu.com /www/imagenes abajo.jpg
2014.01.24 00:04 B C:\2014\deltronics\imagenes\anigif.gif --> ftp.deltronicsperu.com /www/imagenes anigif.gif
2014.01.24 00:04 B C:\2014\deltronics\imagenes\btn_01.jpg --> ftp.deltronicsperu.com /www/imagenes btn_01.jpg
2014.01.24 00:04 B C:\2014\deltronics\imagenes\btn_02.jpg --> ftp.deltronicsperu.com /www/imagenes btn_02.jpg
2014.01.24 00:04 B C:\2014\deltronics\imagenes\btn_03.jpg --> ftp.deltronicsperu.com /www/imagenes btn_03.jpg
2014.01.24 00:04 B C:\2014\deltronics\imagenes\btn_04.jpg --> ftp.deltronicsperu.com /www/imagenes btn_04.jpg
2014.01.24 00:04 B C:\2014\deltronics\imagenes\btn_05.jpg --> ftp.deltronicsperu.com /www/imagenes btn_05.jpg
2014.01.24 00:04 B C:\2014\deltronics\imagenes\btn_06.jpg --> ftp.deltronicsperu.com /www/imagenes btn_06.jpg
2014.01.24 00:04 B C:\2014\deltronics\imagenes\btn_07.jpg --> ftp.deltronicsperu.com /www/imagenes btn_07.jpg
2014.01.24 00:04 B C:\2014\deltronics\imagenes\btnhover_01.jpg --> ftp.deltronicsperu.com /www/imagenes btnhover_01.jpg
2014.01.24 00:04 B C:\2014\deltronics\imagenes\btnhover_02.jpg --> ftp.deltronicsperu.com /www/imagenes btnhover_02.jpg
2014.01.24 00:04 B C:\2014\deltronics\imagenes\btnhover_03.jpg --> ftp.deltronicsperu.com /www/imagenes btnhover_03.jpg
2014.01.24 00:04 B C:\2014\deltronics\imagenes\btnhover_04.jpg --> ftp.deltronicsperu.com /www/imagenes btnhover_04.jpg
2014.01.24 00:04 B C:\2014\deltronics\imagenes\btnhover_05.jpg --> ftp.deltronicsperu.com /www/imagenes btnhover_05.jpg
2014.01.24 00:04 B C:\2014\deltronics\imagenes\btnhover_06.jpg --> ftp.deltronicsperu.com /www/imagenes btnhover_06.jpg
2014.01.24 00:04 B C:\2014\deltronics\imagenes\btnhover_07.jpg --> ftp.deltronicsperu.com /www/imagenes btnhover_07.jpg
2014.01.24 00:04 B C:\2014\deltronics\imagenes\call_center_girl.jpg --> ftp.deltronicsperu.com /www/imagenes call_center_girl.jpg
2014.01.24 00:04 B C:\2014\deltronics\imagenes\clientestit.jpg --> ftp.deltronicsperu.com /www/imagenes clientestit.jpg
2014.01.24 00:04 B C:\2014\deltronics\imagenes\contactenostit.jpg --> ftp.deltronicsperu.com /www/imagenes contactenostit.jpg
2014.01.24 00:04 B C:\2014\deltronics\imagenes\eeia2.jpg --> ftp.deltronicsperu.com /www/imagenes eeia2.jpg
2014.01.24 00:04 B C:\2014\deltronics\imagenes\empresa.jpg --> ftp.deltronicsperu.com /www/imagenes empresa.jpg
2014.01.24 00:04 B C:\2014\deltronics\imagenes\empresatit.jpg --> ftp.deltronicsperu.com /www/imagenes empresatit.jpg
2014.01.24 00:04 B C:\2014\deltronics\imagenes\F4.jpg --> ftp.deltronicsperu.com /www/imagenes F4.jpg
2014.01.24 00:04 B C:\2014\deltronics\imagenes\facebook_logo.png --> ftp.deltronicsperu.com /www/imagenes facebook_logo.png
2014.01.24 00:04 B C:\2014\deltronics\imagenes\ingenieria-en-automatizacion-y-control-industrial-6.jpg --> ftp.deltronicsperu.com /www/imagenes ingenieria-en-automatizacion-y-control-industrial-6.jpg
2014.01.24 00:05 B C:\2014\deltronics\imagenes\li.png --> ftp.deltronicsperu.com /www/imagenes li.png
2014.01.24 00:05 B C:\2014\deltronics\imagenes\photothumb.db --> ftp.deltronicsperu.com /www/imagenes photothumb.db
2014.01.24 00:05 B C:\2014\deltronics\imagenes\proLO.png --> ftp.deltronicsperu.com /www/imagenes proLO.png
2014.01.24 00:05 B C:\2014\deltronics\imagenes\robotica-automatizacion-en-maquinas-industriales.png --> ftp.deltronicsperu.com /www/imagenes robotica-automatizacion-en-maquinas-industriales.png
2014.01.24 00:05 B C:\2014\deltronics\imagenes\serviciostit.jpg --> ftp.deltronicsperu.com /www/imagenes serviciostit.jpg
2014.01.24 00:05 B C:\2014\deltronics\imagenes\soportetit.jpg --> ftp.deltronicsperu.com /www/imagenes soportetit.jpg
2014.01.24 00:05 B C:\2014\deltronics\imagenes\Thumbs.db --> ftp.deltronicsperu.com /www/imagenes Thumbs.db
2014.01.24 00:05 B C:\2014\deltronics\imagenes\twitter_logo.jpg --> ftp.deltronicsperu.com /www/imagenes twitter_logo.jpg
