2010.10.07 10:47 B D:\percy\2010\DESCARGAS1\formularios\contact.html --> ftp.xpcomunicaciones.com /www/formularios contact.html
2010.10.07 10:48 B D:\percy\2010\DESCARGAS1\formularios\sendemail.php.html --> ftp.xpcomunicaciones.com /www/formularios sendemail.php.html
2010.10.07 10:48 B D:\percy\2010\DESCARGAS1\formularios\style.css --> ftp.xpcomunicaciones.com /www/formularios style.css
2010.10.07 12:59 B D:\trabajo 2010\expertia\WEB\1\contacto.htm --> ftp.xpcomunicaciones.com /www/expertia/1 contacto.htm
2010.10.07 12:59 B D:\trabajo 2010\expertia\WEB\1\contacto.php --> ftp.xpcomunicaciones.com /www/expertia/1 contacto.php
2010.10.07 12:59 B D:\trabajo 2010\expertia\WEB\1\cotizar.htm --> ftp.xpcomunicaciones.com /www/expertia/1 cotizar.htm
2010.10.07 12:59 B D:\trabajo 2010\expertia\WEB\1\cotizar.php --> ftp.xpcomunicaciones.com /www/expertia/1 cotizar.php
2010.10.07 12:59 B D:\trabajo 2010\expertia\WEB\1\sendemail.php.html --> ftp.xpcomunicaciones.com /www/expertia/1 sendemail.php.html
2010.10.07 12:59 B D:\trabajo 2010\expertia\WEB\1\style.css --> ftp.xpcomunicaciones.com /www/expertia/1 style.css
2010.10.07 12:59 B D:\trabajo 2010\expertia\WEB\1\WS_FTP.LOG --> ftp.xpcomunicaciones.com /www/expertia/1 WS_FTP.LOG
2010.10.07 13:01 B D:\trabajo 2010\expertia\WEB\1\cotizar.htm --> ftp.xpcomunicaciones.com /www/expertia/1 cotizar.htm
2010.10.07 13:08 B D:\trabajo 2010\expertia\WEB\1\contacto.htm --> ftp.xpcomunicaciones.com /www/expertia/1 contacto.htm
2010.10.07 13:08 B D:\trabajo 2010\expertia\WEB\1\cotizar.htm --> ftp.xpcomunicaciones.com /www/expertia/1 cotizar.htm
2010.10.07 13:10 B D:\trabajo 2010\expertia\WEB\1\contacto.php --> ftp.xpcomunicaciones.com /www/expertia/1 contacto.php
2010.10.07 13:11 B D:\trabajo 2010\expertia\WEB\1\cotizar.php --> ftp.xpcomunicaciones.com /www/expertia/1 cotizar.php
2010.10.07 13:14 B D:\trabajo 2010\expertia\WEB\1\cotizar.htm --> ftp.xpcomunicaciones.com /www/expertia/1 cotizar.htm
2010.10.07 13:14 B D:\trabajo 2010\expertia\WEB\1\cotizar.php --> ftp.xpcomunicaciones.com /www/expertia/1 cotizar.php
2010.10.07 13:18 B D:\trabajo 2010\expertia\WEB\1\contacto.php --> ftp.xpcomunicaciones.com /www/expertia/1 contacto.php
2010.10.07 13:20 B D:\trabajo 2010\expertia\WEB\1\contacto.htm --> ftp.xpcomunicaciones.com /www/expertia/1 contacto.htm
2010.10.07 13:21 B D:\trabajo 2010\expertia\WEB\1\contacto.php --> ftp.xpcomunicaciones.com /www/expertia/1 contacto.php
2010.10.07 13:23 B D:\trabajo 2010\expertia\WEB\1\contacto.php --> ftp.xpcomunicaciones.com /www/expertia/1 contacto.php
2010.10.07 13:24 B D:\trabajo 2010\expertia\WEB\1\contacto.htm --> ftp.xpcomunicaciones.com /www/expertia/1 contacto.htm
2010.10.07 13:25 B D:\trabajo 2010\expertia\WEB\1\cotizar.htm --> ftp.xpcomunicaciones.com /www/expertia/1 cotizar.htm
2010.10.07 13:25 B D:\trabajo 2010\expertia\WEB\1\cotizar.php --> ftp.xpcomunicaciones.com /www/expertia/1 cotizar.php
2010.10.07 13:27 B D:\trabajo 2010\expertia\WEB\1\cotizar.htm --> ftp.xpcomunicaciones.com /www/expertia/1 cotizar.htm
2010.10.14 19:42 B D:\trabajo 2010\Segura\web\1\contacto.htm --> ftp.xpcomunicaciones.com /www/segura/1 contacto.htm
2010.10.14 19:42 B D:\trabajo 2010\Segura\web\1\contacto.php --> ftp.xpcomunicaciones.com /www/segura/1 contacto.php
2010.10.14 19:42 B D:\trabajo 2010\Segura\web\1\cotizar.htm --> ftp.xpcomunicaciones.com /www/segura/1 cotizar.htm
2010.10.14 19:42 B D:\trabajo 2010\Segura\web\1\cotizar.php --> ftp.xpcomunicaciones.com /www/segura/1 cotizar.php
2010.10.14 19:42 B D:\trabajo 2010\Segura\web\1\style.css --> ftp.xpcomunicaciones.com /www/segura/1 style.css
2010.10.14 19:42 B D:\trabajo 2010\Segura\web\1\WS_FTP.LOG --> ftp.xpcomunicaciones.com /www/segura/1 WS_FTP.LOG
2010.10.15 12:04 B D:\trabajo 2010\Segura\web\1\contacto.htm --> ftp.xpcomunicaciones.com /www/segura/1 contacto.htm
2010.10.15 12:04 B D:\trabajo 2010\Segura\web\1\contacto.php --> ftp.xpcomunicaciones.com /www/segura/1 contacto.php
2010.10.15 12:04 B D:\trabajo 2010\Segura\web\1\style.css --> ftp.xpcomunicaciones.com /www/segura/1 style.css
2010.10.20 15:40 B D:\trabajo 2010\Segura\web\1\solicitud.htm --> ftp.xpcomunicaciones.com /www/segura/1 solicitud.htm
2010.10.20 15:40 B D:\trabajo 2010\Segura\web\1\solicitud.php --> ftp.xpcomunicaciones.com /www/segura/1 solicitud.php
2010.10.20 15:48 B D:\trabajo 2010\Segura\web\1\contacto.php --> ftp.xpcomunicaciones.com /www/segura/1 contacto.php
2010.10.20 15:48 B D:\trabajo 2010\Segura\web\1\solicitud.php --> ftp.xpcomunicaciones.com /www/segura/1 solicitud.php
2010.10.20 19:09 B D:\trabajo 2010\rinoplastia\web\1\contacto.htm --> ftp.xpcomunicaciones.com /www/entgroup/1 contacto.htm
2010.10.20 19:09 B D:\trabajo 2010\rinoplastia\web\1\contacto.php --> ftp.xpcomunicaciones.com /www/entgroup/1 contacto.php
2010.10.20 19:09 B D:\trabajo 2010\rinoplastia\web\1\cotizar.htm --> ftp.xpcomunicaciones.com /www/entgroup/1 cotizar.htm
2010.10.20 19:09 B D:\trabajo 2010\rinoplastia\web\1\cotizar.php --> ftp.xpcomunicaciones.com /www/entgroup/1 cotizar.php
2010.10.20 19:09 B D:\trabajo 2010\rinoplastia\web\1\style.css --> ftp.xpcomunicaciones.com /www/entgroup/1 style.css
2010.10.20 19:09 B D:\trabajo 2010\rinoplastia\web\1\WS_FTP.LOG --> ftp.xpcomunicaciones.com /www/entgroup/1 WS_FTP.LOG
2011.02.14 19:08 B D:\trabajo 2010\INAVAM 2011\WEB\1\contacto.htm --> ftp.xpcomunicaciones.com /www/inavam2/1 contacto.htm
2011.02.14 19:08 B D:\trabajo 2010\INAVAM 2011\WEB\1\contacto.php --> ftp.xpcomunicaciones.com /www/inavam2/1 contacto.php
2011.02.14 19:09 B D:\trabajo 2010\INAVAM 2011\WEB\1\cotizar.htm --> ftp.xpcomunicaciones.com /www/inavam2/1 cotizar.htm
2011.02.14 19:09 B D:\trabajo 2010\INAVAM 2011\WEB\1\cotizar.php --> ftp.xpcomunicaciones.com /www/inavam2/1 cotizar.php
2011.02.14 19:09 B D:\trabajo 2010\INAVAM 2011\WEB\1\style.css --> ftp.xpcomunicaciones.com /www/inavam2/1 style.css
2011.02.14 19:09 B D:\trabajo 2010\INAVAM 2011\WEB\1\WS_FTP.LOG --> ftp.xpcomunicaciones.com /www/inavam2/1 WS_FTP.LOG
2011.07.06 19:15 B D:\trabajo 2010\Construcciones Valdiviezo\web\1\contacto.htm --> ftp.xpcomunicaciones.com /www/valdiviezo/1 contacto.htm
2011.07.06 19:15 B D:\trabajo 2010\Construcciones Valdiviezo\web\1\contacto.php --> ftp.xpcomunicaciones.com /www/valdiviezo/1 contacto.php
2011.07.06 19:15 B D:\trabajo 2010\Construcciones Valdiviezo\web\1\cotizar.htm --> ftp.xpcomunicaciones.com /www/valdiviezo/1 cotizar.htm
2011.07.06 19:15 B D:\trabajo 2010\Construcciones Valdiviezo\web\1\cotizar.php --> ftp.xpcomunicaciones.com /www/valdiviezo/1 cotizar.php
2011.07.06 19:15 B D:\trabajo 2010\Construcciones Valdiviezo\web\1\style.css --> ftp.xpcomunicaciones.com /www/valdiviezo/1 style.css
2011.07.06 19:15 B D:\trabajo 2010\Construcciones Valdiviezo\web\1\WS_FTP.LOG --> ftp.xpcomunicaciones.com /www/valdiviezo/1 WS_FTP.LOG
2011.08.16 19:19 B D:\trabajo 2010\Construcciones Valdiviezo\web\1\contacto.htm --> ftp.zuempresa.com /web/contrucciones_valdiviezo/1 contacto.htm
2011.08.16 19:19 B D:\trabajo 2010\Construcciones Valdiviezo\web\1\contacto.php --> ftp.zuempresa.com /web/contrucciones_valdiviezo/1 contacto.php
2011.08.16 19:19 B D:\trabajo 2010\Construcciones Valdiviezo\web\1\cotizar.htm --> ftp.zuempresa.com /web/contrucciones_valdiviezo/1 cotizar.htm
2011.08.16 19:19 B D:\trabajo 2010\Construcciones Valdiviezo\web\1\cotizar.php --> ftp.zuempresa.com /web/contrucciones_valdiviezo/1 cotizar.php
2011.08.16 19:19 B D:\trabajo 2010\Construcciones Valdiviezo\web\1\style.css --> ftp.zuempresa.com /web/contrucciones_valdiviezo/1 style.css
2011.08.16 19:19 B D:\trabajo 2010\Construcciones Valdiviezo\web\1\WS_FTP.LOG --> ftp.zuempresa.com /web/contrucciones_valdiviezo/1 WS_FTP.LOG
2012.08.01 16:25 B D:\trabajo 2010\CONCRETOS JOMAR\WEB\1\contacto.htm --> ftp.xpcomunicaciones.com /www/jomar/1 contacto.htm
2012.08.01 16:25 B D:\trabajo 2010\CONCRETOS JOMAR\WEB\1\contacto.php --> ftp.xpcomunicaciones.com /www/jomar/1 contacto.php
2012.08.01 16:25 B D:\trabajo 2010\CONCRETOS JOMAR\WEB\1\cotizar.htm --> ftp.xpcomunicaciones.com /www/jomar/1 cotizar.htm
2012.08.01 16:25 B D:\trabajo 2010\CONCRETOS JOMAR\WEB\1\cotizar.php --> ftp.xpcomunicaciones.com /www/jomar/1 cotizar.php
2012.08.01 16:25 B D:\trabajo 2010\CONCRETOS JOMAR\WEB\1\style.css --> ftp.xpcomunicaciones.com /www/jomar/1 style.css
2012.08.01 16:25 B D:\trabajo 2010\CONCRETOS JOMAR\WEB\1\WS_FTP.LOG --> ftp.xpcomunicaciones.com /www/jomar/1 WS_FTP.LOG
2012.08.03 16:11 B D:\trabajo 2010\CONCRETOS JOMAR\WEB\1\contacto.php --> ftp.xpcomunicaciones.com /www/jomar/1 contacto.php
2012.08.03 16:11 B D:\trabajo 2010\CONCRETOS JOMAR\WEB\1\WS_FTP.LOG --> ftp.xpcomunicaciones.com /www/jomar/1 WS_FTP.LOG
2012.08.14 11:41 B D:\trabajo 2010\CONCRETOS JOMAR\WEB\1\contacto.htm --> ftp.concretosjomar.com /www/1 contacto.htm
2012.08.14 11:41 B D:\trabajo 2010\CONCRETOS JOMAR\WEB\1\contacto.php --> ftp.concretosjomar.com /www/1 contacto.php
2012.08.14 11:41 B D:\trabajo 2010\CONCRETOS JOMAR\WEB\1\style.css --> ftp.concretosjomar.com /www/1 style.css
2012.08.14 11:41 B D:\trabajo 2010\CONCRETOS JOMAR\WEB\1\WS_FTP.LOG --> ftp.concretosjomar.com /www/1 WS_FTP.LOG
2012.08.14 12:35 B D:\trabajo 2010\CONCRETOS JOMAR\WEB\1\contacto.php --> ftp.concretosjomar.com /www/1 contacto.php
2012.08.23 12:22 B D:\trabajo 2010\CONCRETOS JOMAR\WEB\1\contacto.htm --> ftp.concretosjomar.com /www/1 contacto.htm
2012.08.23 12:22 B D:\trabajo 2010\CONCRETOS JOMAR\WEB\1\contacto.php --> ftp.concretosjomar.com /www/1 contacto.php
2012.08.23 12:22 B D:\trabajo 2010\CONCRETOS JOMAR\WEB\1\style.css --> ftp.concretosjomar.com /www/1 style.css
2012.08.23 12:22 B D:\trabajo 2010\CONCRETOS JOMAR\WEB\1\WS_FTP.LOG --> ftp.concretosjomar.com /www/1 WS_FTP.LOG
2012.10.25 12:46 B D:\trabajo 2010\Cormind\web\1\contacto.htm --> ftp.xpcomunicaciones.com /www/cormind/1 contacto.htm
2012.10.25 12:46 B D:\trabajo 2010\Cormind\web\1\contacto.php --> ftp.xpcomunicaciones.com /www/cormind/1 contacto.php
2012.10.25 12:46 B D:\trabajo 2010\Cormind\web\1\style.css --> ftp.xpcomunicaciones.com /www/cormind/1 style.css
2012.10.25 12:46 B D:\trabajo 2010\Cormind\web\1\WS_FTP.LOG --> ftp.xpcomunicaciones.com /www/cormind/1 WS_FTP.LOG
2012.12.13 18:31 B D:\trabajo 2010\corplimax 2012\web\1\contacto.htm --> ftp.certificainternet.com /www/corplimax/1 contacto.htm
2012.12.13 18:31 B D:\trabajo 2010\corplimax 2012\web\1\contacto.php --> ftp.certificainternet.com /www/corplimax/1 contacto.php
2012.12.13 18:31 B D:\trabajo 2010\corplimax 2012\web\1\style.css --> ftp.certificainternet.com /www/corplimax/1 style.css
2012.12.13 18:31 B D:\trabajo 2010\corplimax 2012\web\1\WS_FTP.LOG --> ftp.certificainternet.com /www/corplimax/1 WS_FTP.LOG
2013.12.02 18:35 B D:\Marisol\DELTRONICS\1\contacto.htm --> ftp.solrevisac.com /www/deltronics/1 contacto.htm
2013.12.02 18:35 B D:\Marisol\DELTRONICS\1\contacto.php --> ftp.solrevisac.com /www/deltronics/1 contacto.php
2013.12.02 18:35 B D:\Marisol\DELTRONICS\1\style.css --> ftp.solrevisac.com /www/deltronics/1 style.css
2014.01.23 23:21 B C:\2014\deltronics\1\WS_FTP.LOG <-- ftp.solrevisac.com /www/deltronics/1 WS_FTP.LOG
2014.01.23 23:57 B C:\2014\deltronics\1\contacto.htm --> ftp.deltronicsperu.com /www/1 contacto.htm
2014.01.23 23:57 B C:\2014\deltronics\1\contacto.php --> ftp.deltronicsperu.com /www/1 contacto.php
2014.01.23 23:57 B C:\2014\deltronics\1\style.css --> ftp.deltronicsperu.com /www/1 style.css
