2014.01.23 23:23 B C:\2014\deltronics\com\greensock\plugins\.DS_Store <-- ftp.solrevisac.com /www/deltronics/com/greensock/plugins .DS_Store
2014.01.23 23:23 B C:\2014\deltronics\com\greensock\plugins\AutoAlphaPlugin.as <-- ftp.solrevisac.com /www/deltronics/com/greensock/plugins AutoAlphaPlugin.as
2014.01.23 23:23 B C:\2014\deltronics\com\greensock\plugins\BevelFilterPlugin.as <-- ftp.solrevisac.com /www/deltronics/com/greensock/plugins BevelFilterPlugin.as
2014.01.23 23:23 B C:\2014\deltronics\com\greensock\plugins\BezierPlugin.as <-- ftp.solrevisac.com /www/deltronics/com/greensock/plugins BezierPlugin.as
2014.01.23 23:23 B C:\2014\deltronics\com\greensock\plugins\BezierThroughPlugin.as <-- ftp.solrevisac.com /www/deltronics/com/greensock/plugins BezierThroughPlugin.as
2014.01.23 23:23 B C:\2014\deltronics\com\greensock\plugins\BlurFilterPlugin.as <-- ftp.solrevisac.com /www/deltronics/com/greensock/plugins BlurFilterPlugin.as
2014.01.23 23:23 B C:\2014\deltronics\com\greensock\plugins\CacheAsBitmapPlugin.as <-- ftp.solrevisac.com /www/deltronics/com/greensock/plugins CacheAsBitmapPlugin.as
2014.01.23 23:23 B C:\2014\deltronics\com\greensock\plugins\CirclePath2DPlugin.as <-- ftp.solrevisac.com /www/deltronics/com/greensock/plugins CirclePath2DPlugin.as
2014.01.23 23:23 B C:\2014\deltronics\com\greensock\plugins\ColorMatrixFilterPlugin.as <-- ftp.solrevisac.com /www/deltronics/com/greensock/plugins ColorMatrixFilterPlugin.as
2014.01.23 23:23 B C:\2014\deltronics\com\greensock\plugins\ColorTransformPlugin.as <-- ftp.solrevisac.com /www/deltronics/com/greensock/plugins ColorTransformPlugin.as
2014.01.23 23:23 B C:\2014\deltronics\com\greensock\plugins\DirectionalRotationPlugin.as <-- ftp.solrevisac.com /www/deltronics/com/greensock/plugins DirectionalRotationPlugin.as
2014.01.23 23:23 B C:\2014\deltronics\com\greensock\plugins\DropShadowFilterPlugin.as <-- ftp.solrevisac.com /www/deltronics/com/greensock/plugins DropShadowFilterPlugin.as
2014.01.23 23:23 B C:\2014\deltronics\com\greensock\plugins\EndArrayPlugin.as <-- ftp.solrevisac.com /www/deltronics/com/greensock/plugins EndArrayPlugin.as
2014.01.23 23:23 B C:\2014\deltronics\com\greensock\plugins\EndVectorPlugin.as <-- ftp.solrevisac.com /www/deltronics/com/greensock/plugins EndVectorPlugin.as
2014.01.23 23:23 B C:\2014\deltronics\com\greensock\plugins\FilterPlugin.as <-- ftp.solrevisac.com /www/deltronics/com/greensock/plugins FilterPlugin.as
2014.01.23 23:23 B C:\2014\deltronics\com\greensock\plugins\FrameBackwardPlugin.as <-- ftp.solrevisac.com /www/deltronics/com/greensock/plugins FrameBackwardPlugin.as
2014.01.23 23:23 B C:\2014\deltronics\com\greensock\plugins\FrameForwardPlugin.as <-- ftp.solrevisac.com /www/deltronics/com/greensock/plugins FrameForwardPlugin.as
2014.01.23 23:23 B C:\2014\deltronics\com\greensock\plugins\FrameLabelPlugin.as <-- ftp.solrevisac.com /www/deltronics/com/greensock/plugins FrameLabelPlugin.as
2014.01.23 23:23 B C:\2014\deltronics\com\greensock\plugins\FramePlugin.as <-- ftp.solrevisac.com /www/deltronics/com/greensock/plugins FramePlugin.as
2014.01.23 23:23 B C:\2014\deltronics\com\greensock\plugins\GlowFilterPlugin.as <-- ftp.solrevisac.com /www/deltronics/com/greensock/plugins GlowFilterPlugin.as
2014.01.23 23:23 B C:\2014\deltronics\com\greensock\plugins\HexColorsPlugin.as <-- ftp.solrevisac.com /www/deltronics/com/greensock/plugins HexColorsPlugin.as
2014.01.23 23:23 B C:\2014\deltronics\com\greensock\plugins\OnChangeRatioPlugin.as <-- ftp.solrevisac.com /www/deltronics/com/greensock/plugins OnChangeRatioPlugin.as
2014.01.23 23:23 B C:\2014\deltronics\com\greensock\plugins\OnCompleteRenderPlugin.as <-- ftp.solrevisac.com /www/deltronics/com/greensock/plugins OnCompleteRenderPlugin.as
2014.01.23 23:23 B C:\2014\deltronics\com\greensock\plugins\Positions2DPlugin.as <-- ftp.solrevisac.com /www/deltronics/com/greensock/plugins Positions2DPlugin.as
2014.01.23 23:23 B C:\2014\deltronics\com\greensock\plugins\QuaternionsPlugin.as <-- ftp.solrevisac.com /www/deltronics/com/greensock/plugins QuaternionsPlugin.as
2014.01.23 23:23 B C:\2014\deltronics\com\greensock\plugins\RemoveTintPlugin.as <-- ftp.solrevisac.com /www/deltronics/com/greensock/plugins RemoveTintPlugin.as
2014.01.23 23:23 B C:\2014\deltronics\com\greensock\plugins\RoundPropsPlugin.as <-- ftp.solrevisac.com /www/deltronics/com/greensock/plugins RoundPropsPlugin.as
2014.01.23 23:23 B C:\2014\deltronics\com\greensock\plugins\ScalePlugin.as <-- ftp.solrevisac.com /www/deltronics/com/greensock/plugins ScalePlugin.as
2014.01.23 23:23 B C:\2014\deltronics\com\greensock\plugins\ScrollRectPlugin.as <-- ftp.solrevisac.com /www/deltronics/com/greensock/plugins ScrollRectPlugin.as
2014.01.23 23:23 B C:\2014\deltronics\com\greensock\plugins\SetActualSizePlugin.as <-- ftp.solrevisac.com /www/deltronics/com/greensock/plugins SetActualSizePlugin.as
2014.01.23 23:23 B C:\2014\deltronics\com\greensock\plugins\SetSizePlugin.as <-- ftp.solrevisac.com /www/deltronics/com/greensock/plugins SetSizePlugin.as
2014.01.23 23:23 B C:\2014\deltronics\com\greensock\plugins\ShortRotationPlugin.as <-- ftp.solrevisac.com /www/deltronics/com/greensock/plugins ShortRotationPlugin.as
2014.01.23 23:23 B C:\2014\deltronics\com\greensock\plugins\SoundTransformPlugin.as <-- ftp.solrevisac.com /www/deltronics/com/greensock/plugins SoundTransformPlugin.as
2014.01.23 23:23 B C:\2014\deltronics\com\greensock\plugins\StageQualityPlugin.as <-- ftp.solrevisac.com /www/deltronics/com/greensock/plugins StageQualityPlugin.as
2014.01.23 23:23 B C:\2014\deltronics\com\greensock\plugins\TintPlugin.as <-- ftp.solrevisac.com /www/deltronics/com/greensock/plugins TintPlugin.as
2014.01.23 23:23 B C:\2014\deltronics\com\greensock\plugins\TransformMatrixPlugin.as <-- ftp.solrevisac.com /www/deltronics/com/greensock/plugins TransformMatrixPlugin.as
2014.01.23 23:23 B C:\2014\deltronics\com\greensock\plugins\TweenPlugin.as <-- ftp.solrevisac.com /www/deltronics/com/greensock/plugins TweenPlugin.as
2014.01.23 23:23 B C:\2014\deltronics\com\greensock\plugins\VisiblePlugin.as <-- ftp.solrevisac.com /www/deltronics/com/greensock/plugins VisiblePlugin.as
2014.01.23 23:23 B C:\2014\deltronics\com\greensock\plugins\VolumePlugin.as <-- ftp.solrevisac.com /www/deltronics/com/greensock/plugins VolumePlugin.as
2014.01.24 00:00 B C:\2014\deltronics\com\greensock\plugins\.DS_Store --> ftp.deltronicsperu.com /www/com/greensock/plugins .DS_Store
2014.01.24 00:00 B C:\2014\deltronics\com\greensock\plugins\AutoAlphaPlugin.as --> ftp.deltronicsperu.com /www/com/greensock/plugins AutoAlphaPlugin.as
2014.01.24 00:00 B C:\2014\deltronics\com\greensock\plugins\BevelFilterPlugin.as --> ftp.deltronicsperu.com /www/com/greensock/plugins BevelFilterPlugin.as
2014.01.24 00:00 B C:\2014\deltronics\com\greensock\plugins\BezierPlugin.as --> ftp.deltronicsperu.com /www/com/greensock/plugins BezierPlugin.as
2014.01.24 00:00 B C:\2014\deltronics\com\greensock\plugins\BezierThroughPlugin.as --> ftp.deltronicsperu.com /www/com/greensock/plugins BezierThroughPlugin.as
2014.01.24 00:00 B C:\2014\deltronics\com\greensock\plugins\BlurFilterPlugin.as --> ftp.deltronicsperu.com /www/com/greensock/plugins BlurFilterPlugin.as
2014.01.24 00:00 B C:\2014\deltronics\com\greensock\plugins\CacheAsBitmapPlugin.as --> ftp.deltronicsperu.com /www/com/greensock/plugins CacheAsBitmapPlugin.as
2014.01.24 00:00 B C:\2014\deltronics\com\greensock\plugins\CirclePath2DPlugin.as --> ftp.deltronicsperu.com /www/com/greensock/plugins CirclePath2DPlugin.as
2014.01.24 00:00 B C:\2014\deltronics\com\greensock\plugins\ColorMatrixFilterPlugin.as --> ftp.deltronicsperu.com /www/com/greensock/plugins ColorMatrixFilterPlugin.as
2014.01.24 00:00 B C:\2014\deltronics\com\greensock\plugins\ColorTransformPlugin.as --> ftp.deltronicsperu.com /www/com/greensock/plugins ColorTransformPlugin.as
2014.01.24 00:00 B C:\2014\deltronics\com\greensock\plugins\DirectionalRotationPlugin.as --> ftp.deltronicsperu.com /www/com/greensock/plugins DirectionalRotationPlugin.as
2014.01.24 00:00 B C:\2014\deltronics\com\greensock\plugins\DropShadowFilterPlugin.as --> ftp.deltronicsperu.com /www/com/greensock/plugins DropShadowFilterPlugin.as
2014.01.24 00:00 B C:\2014\deltronics\com\greensock\plugins\EndArrayPlugin.as --> ftp.deltronicsperu.com /www/com/greensock/plugins EndArrayPlugin.as
2014.01.24 00:00 B C:\2014\deltronics\com\greensock\plugins\EndVectorPlugin.as --> ftp.deltronicsperu.com /www/com/greensock/plugins EndVectorPlugin.as
2014.01.24 00:00 B C:\2014\deltronics\com\greensock\plugins\FilterPlugin.as --> ftp.deltronicsperu.com /www/com/greensock/plugins FilterPlugin.as
2014.01.24 00:00 B C:\2014\deltronics\com\greensock\plugins\FrameBackwardPlugin.as --> ftp.deltronicsperu.com /www/com/greensock/plugins FrameBackwardPlugin.as
2014.01.24 00:00 B C:\2014\deltronics\com\greensock\plugins\FrameForwardPlugin.as --> ftp.deltronicsperu.com /www/com/greensock/plugins FrameForwardPlugin.as
2014.01.24 00:00 B C:\2014\deltronics\com\greensock\plugins\FrameLabelPlugin.as --> ftp.deltronicsperu.com /www/com/greensock/plugins FrameLabelPlugin.as
2014.01.24 00:01 B C:\2014\deltronics\com\greensock\plugins\FramePlugin.as --> ftp.deltronicsperu.com /www/com/greensock/plugins FramePlugin.as
2014.01.24 00:01 B C:\2014\deltronics\com\greensock\plugins\GlowFilterPlugin.as --> ftp.deltronicsperu.com /www/com/greensock/plugins GlowFilterPlugin.as
2014.01.24 00:01 B C:\2014\deltronics\com\greensock\plugins\HexColorsPlugin.as --> ftp.deltronicsperu.com /www/com/greensock/plugins HexColorsPlugin.as
2014.01.24 00:01 B C:\2014\deltronics\com\greensock\plugins\OnChangeRatioPlugin.as --> ftp.deltronicsperu.com /www/com/greensock/plugins OnChangeRatioPlugin.as
2014.01.24 00:01 B C:\2014\deltronics\com\greensock\plugins\OnCompleteRenderPlugin.as --> ftp.deltronicsperu.com /www/com/greensock/plugins OnCompleteRenderPlugin.as
2014.01.24 00:01 B C:\2014\deltronics\com\greensock\plugins\Positions2DPlugin.as --> ftp.deltronicsperu.com /www/com/greensock/plugins Positions2DPlugin.as
2014.01.24 00:01 B C:\2014\deltronics\com\greensock\plugins\QuaternionsPlugin.as --> ftp.deltronicsperu.com /www/com/greensock/plugins QuaternionsPlugin.as
2014.01.24 00:01 B C:\2014\deltronics\com\greensock\plugins\RemoveTintPlugin.as --> ftp.deltronicsperu.com /www/com/greensock/plugins RemoveTintPlugin.as
2014.01.24 00:01 B C:\2014\deltronics\com\greensock\plugins\RoundPropsPlugin.as --> ftp.deltronicsperu.com /www/com/greensock/plugins RoundPropsPlugin.as
2014.01.24 00:01 B C:\2014\deltronics\com\greensock\plugins\ScalePlugin.as --> ftp.deltronicsperu.com /www/com/greensock/plugins ScalePlugin.as
2014.01.24 00:01 B C:\2014\deltronics\com\greensock\plugins\ScrollRectPlugin.as --> ftp.deltronicsperu.com /www/com/greensock/plugins ScrollRectPlugin.as
2014.01.24 00:01 B C:\2014\deltronics\com\greensock\plugins\SetActualSizePlugin.as --> ftp.deltronicsperu.com /www/com/greensock/plugins SetActualSizePlugin.as
2014.01.24 00:01 B C:\2014\deltronics\com\greensock\plugins\SetSizePlugin.as --> ftp.deltronicsperu.com /www/com/greensock/plugins SetSizePlugin.as
2014.01.24 00:01 B C:\2014\deltronics\com\greensock\plugins\ShortRotationPlugin.as --> ftp.deltronicsperu.com /www/com/greensock/plugins ShortRotationPlugin.as
2014.01.24 00:01 B C:\2014\deltronics\com\greensock\plugins\SoundTransformPlugin.as --> ftp.deltronicsperu.com /www/com/greensock/plugins SoundTransformPlugin.as
2014.01.24 00:01 B C:\2014\deltronics\com\greensock\plugins\StageQualityPlugin.as --> ftp.deltronicsperu.com /www/com/greensock/plugins StageQualityPlugin.as
2014.01.24 00:01 B C:\2014\deltronics\com\greensock\plugins\TintPlugin.as --> ftp.deltronicsperu.com /www/com/greensock/plugins TintPlugin.as
2014.01.24 00:01 B C:\2014\deltronics\com\greensock\plugins\TransformMatrixPlugin.as --> ftp.deltronicsperu.com /www/com/greensock/plugins TransformMatrixPlugin.as
2014.01.24 00:01 B C:\2014\deltronics\com\greensock\plugins\TweenPlugin.as --> ftp.deltronicsperu.com /www/com/greensock/plugins TweenPlugin.as
2014.01.24 00:01 B C:\2014\deltronics\com\greensock\plugins\VisiblePlugin.as --> ftp.deltronicsperu.com /www/com/greensock/plugins VisiblePlugin.as
2014.01.24 00:01 B C:\2014\deltronics\com\greensock\plugins\VolumePlugin.as --> ftp.deltronicsperu.com /www/com/greensock/plugins VolumePlugin.as
