2014.01.23 23:23 B C:\2014\deltronics\com\greensock\.DS_Store <-- ftp.solrevisac.com /www/deltronics/com/greensock .DS_Store
2014.01.23 23:23 B C:\2014\deltronics\com\greensock\BlitMask.as <-- ftp.solrevisac.com /www/deltronics/com/greensock BlitMask.as
2014.01.23 23:23 B C:\2014\deltronics\com\greensock\changelog.txt <-- ftp.solrevisac.com /www/deltronics/com/greensock changelog.txt
2014.01.23 23:23 B C:\2014\deltronics\com\greensock\FlexBlitMask.as <-- ftp.solrevisac.com /www/deltronics/com/greensock FlexBlitMask.as
2014.01.23 23:24 B C:\2014\deltronics\com\greensock\TimelineLite.as <-- ftp.solrevisac.com /www/deltronics/com/greensock TimelineLite.as
2014.01.23 23:24 B C:\2014\deltronics\com\greensock\TimelineMax.as <-- ftp.solrevisac.com /www/deltronics/com/greensock TimelineMax.as
2014.01.23 23:24 B C:\2014\deltronics\com\greensock\TweenAlign.as <-- ftp.solrevisac.com /www/deltronics/com/greensock TweenAlign.as
2014.01.23 23:24 B C:\2014\deltronics\com\greensock\TweenLite.as <-- ftp.solrevisac.com /www/deltronics/com/greensock TweenLite.as
2014.01.23 23:24 B C:\2014\deltronics\com\greensock\TweenMax.as <-- ftp.solrevisac.com /www/deltronics/com/greensock TweenMax.as
2014.01.23 23:24 B C:\2014\deltronics\com\greensock\TweenNano.as <-- ftp.solrevisac.com /www/deltronics/com/greensock TweenNano.as
2014.01.24 00:01 B C:\2014\deltronics\com\greensock\.DS_Store --> ftp.deltronicsperu.com /www/com/greensock .DS_Store
2014.01.24 00:01 B C:\2014\deltronics\com\greensock\BlitMask.as --> ftp.deltronicsperu.com /www/com/greensock BlitMask.as
2014.01.24 00:01 B C:\2014\deltronics\com\greensock\changelog.txt --> ftp.deltronicsperu.com /www/com/greensock changelog.txt
2014.01.24 00:01 B C:\2014\deltronics\com\greensock\FlexBlitMask.as --> ftp.deltronicsperu.com /www/com/greensock FlexBlitMask.as
2014.01.24 00:01 B C:\2014\deltronics\com\greensock\TimelineLite.as --> ftp.deltronicsperu.com /www/com/greensock TimelineLite.as
2014.01.24 00:01 B C:\2014\deltronics\com\greensock\TimelineMax.as --> ftp.deltronicsperu.com /www/com/greensock TimelineMax.as
2014.01.24 00:01 B C:\2014\deltronics\com\greensock\TweenAlign.as --> ftp.deltronicsperu.com /www/com/greensock TweenAlign.as
2014.01.24 00:01 B C:\2014\deltronics\com\greensock\TweenLite.as --> ftp.deltronicsperu.com /www/com/greensock TweenLite.as
2014.01.24 00:01 B C:\2014\deltronics\com\greensock\TweenMax.as --> ftp.deltronicsperu.com /www/com/greensock TweenMax.as
2014.01.24 00:01 B C:\2014\deltronics\com\greensock\TweenNano.as --> ftp.deltronicsperu.com /www/com/greensock TweenNano.as
