2014.01.23 23:24 B C:\2014\deltronics\imagenes\productos\1.jpg <-- ftp.solrevisac.com /www/deltronics/imagenes/productos 1.jpg
2014.01.23 23:24 B C:\2014\deltronics\imagenes\productos\2.jpg <-- ftp.solrevisac.com /www/deltronics/imagenes/productos 2.jpg
2014.01.23 23:24 B C:\2014\deltronics\imagenes\productos\3.jpg <-- ftp.solrevisac.com /www/deltronics/imagenes/productos 3.jpg
2014.01.23 23:24 B C:\2014\deltronics\imagenes\productos\4.jpg <-- ftp.solrevisac.com /www/deltronics/imagenes/productos 4.jpg
2014.01.23 23:24 B C:\2014\deltronics\imagenes\productos\5.jpg <-- ftp.solrevisac.com /www/deltronics/imagenes/productos 5.jpg
2014.01.23 23:24 B C:\2014\deltronics\imagenes\productos\6.jpg <-- ftp.solrevisac.com /www/deltronics/imagenes/productos 6.jpg
2014.01.23 23:24 B C:\2014\deltronics\imagenes\productos\7.jpg <-- ftp.solrevisac.com /www/deltronics/imagenes/productos 7.jpg
2014.01.23 23:24 B C:\2014\deltronics\imagenes\productos\anigif.gif <-- ftp.solrevisac.com /www/deltronics/imagenes/productos anigif.gif
2014.01.23 23:24 B C:\2014\deltronics\imagenes\productos\photothumb.db <-- ftp.solrevisac.com /www/deltronics/imagenes/productos photothumb.db
2014.01.23 23:24 B C:\2014\deltronics\imagenes\productos\pro1.jpg <-- ftp.solrevisac.com /www/deltronics/imagenes/productos pro1.jpg
2014.01.23 23:24 B C:\2014\deltronics\imagenes\productos\pro10.jpg <-- ftp.solrevisac.com /www/deltronics/imagenes/productos pro10.jpg
2014.01.23 23:24 B C:\2014\deltronics\imagenes\productos\pro11.jpg <-- ftp.solrevisac.com /www/deltronics/imagenes/productos pro11.jpg
2014.01.23 23:24 B C:\2014\deltronics\imagenes\productos\pro12.jpg <-- ftp.solrevisac.com /www/deltronics/imagenes/productos pro12.jpg
2014.01.23 23:24 B C:\2014\deltronics\imagenes\productos\pro2.jpg <-- ftp.solrevisac.com /www/deltronics/imagenes/productos pro2.jpg
2014.01.23 23:24 B C:\2014\deltronics\imagenes\productos\pro3.jpg <-- ftp.solrevisac.com /www/deltronics/imagenes/productos pro3.jpg
2014.01.23 23:25 B C:\2014\deltronics\imagenes\productos\pro4.jpg <-- ftp.solrevisac.com /www/deltronics/imagenes/productos pro4.jpg
2014.01.23 23:25 B C:\2014\deltronics\imagenes\productos\pro5.jpg <-- ftp.solrevisac.com /www/deltronics/imagenes/productos pro5.jpg
2014.01.23 23:25 B C:\2014\deltronics\imagenes\productos\pro6.jpg <-- ftp.solrevisac.com /www/deltronics/imagenes/productos pro6.jpg
2014.01.23 23:25 B C:\2014\deltronics\imagenes\productos\pro7.jpg <-- ftp.solrevisac.com /www/deltronics/imagenes/productos pro7.jpg
2014.01.23 23:25 B C:\2014\deltronics\imagenes\productos\pro8.jpg <-- ftp.solrevisac.com /www/deltronics/imagenes/productos pro8.jpg
2014.01.23 23:25 B C:\2014\deltronics\imagenes\productos\pro9.jpg <-- ftp.solrevisac.com /www/deltronics/imagenes/productos pro9.jpg
2014.01.23 23:25 B C:\2014\deltronics\imagenes\productos\Thumbs.db <-- ftp.solrevisac.com /www/deltronics/imagenes/productos Thumbs.db
2014.01.24 00:02 B C:\2014\deltronics\imagenes\productos\1.jpg --> ftp.deltronicsperu.com /www/imagenes/productos 1.jpg
2014.01.24 00:02 B C:\2014\deltronics\imagenes\productos\2.jpg --> ftp.deltronicsperu.com /www/imagenes/productos 2.jpg
2014.01.24 00:02 B C:\2014\deltronics\imagenes\productos\3.jpg --> ftp.deltronicsperu.com /www/imagenes/productos 3.jpg
2014.01.24 00:02 B C:\2014\deltronics\imagenes\productos\4.jpg --> ftp.deltronicsperu.com /www/imagenes/productos 4.jpg
2014.01.24 00:02 B C:\2014\deltronics\imagenes\productos\5.jpg --> ftp.deltronicsperu.com /www/imagenes/productos 5.jpg
2014.01.24 00:02 B C:\2014\deltronics\imagenes\productos\6.jpg --> ftp.deltronicsperu.com /www/imagenes/productos 6.jpg
2014.01.24 00:02 B C:\2014\deltronics\imagenes\productos\7.jpg --> ftp.deltronicsperu.com /www/imagenes/productos 7.jpg
2014.01.24 00:03 B C:\2014\deltronics\imagenes\productos\anigif.gif --> ftp.deltronicsperu.com /www/imagenes/productos anigif.gif
2014.01.24 00:03 B C:\2014\deltronics\imagenes\productos\photothumb.db --> ftp.deltronicsperu.com /www/imagenes/productos photothumb.db
2014.01.24 00:03 B C:\2014\deltronics\imagenes\productos\pro1.jpg --> ftp.deltronicsperu.com /www/imagenes/productos pro1.jpg
2014.01.24 00:03 B C:\2014\deltronics\imagenes\productos\pro10.jpg --> ftp.deltronicsperu.com /www/imagenes/productos pro10.jpg
2014.01.24 00:03 B C:\2014\deltronics\imagenes\productos\pro11.jpg --> ftp.deltronicsperu.com /www/imagenes/productos pro11.jpg
2014.01.24 00:03 B C:\2014\deltronics\imagenes\productos\pro12.jpg --> ftp.deltronicsperu.com /www/imagenes/productos pro12.jpg
2014.01.24 00:03 B C:\2014\deltronics\imagenes\productos\pro2.jpg --> ftp.deltronicsperu.com /www/imagenes/productos pro2.jpg
2014.01.24 00:03 B C:\2014\deltronics\imagenes\productos\pro3.jpg --> ftp.deltronicsperu.com /www/imagenes/productos pro3.jpg
2014.01.24 00:03 B C:\2014\deltronics\imagenes\productos\pro4.jpg --> ftp.deltronicsperu.com /www/imagenes/productos pro4.jpg
2014.01.24 00:03 B C:\2014\deltronics\imagenes\productos\pro5.jpg --> ftp.deltronicsperu.com /www/imagenes/productos pro5.jpg
2014.01.24 00:03 B C:\2014\deltronics\imagenes\productos\pro6.jpg --> ftp.deltronicsperu.com /www/imagenes/productos pro6.jpg
2014.01.24 00:03 B C:\2014\deltronics\imagenes\productos\pro7.jpg --> ftp.deltronicsperu.com /www/imagenes/productos pro7.jpg
2014.01.24 00:03 B C:\2014\deltronics\imagenes\productos\pro8.jpg --> ftp.deltronicsperu.com /www/imagenes/productos pro8.jpg
2014.01.24 00:03 B C:\2014\deltronics\imagenes\productos\pro9.jpg --> ftp.deltronicsperu.com /www/imagenes/productos pro9.jpg
2014.01.24 00:03 B C:\2014\deltronics\imagenes\productos\Thumbs.db --> ftp.deltronicsperu.com /www/imagenes/productos Thumbs.db
